{"/Users/ZARINA/fullstack-javascript-project-46/src/compareData.js": {"path":"/Users/ZARINA/fullstack-javascript-project-46/src/compareData.js","all":false,"statementMap":{"0":{"start":{"line":1,"column":0},"end":{"line":1,"column":23}},"1":{"start":{"line":2,"column":0},"end":{"line":2,"column":0}},"2":{"start":{"line":3,"column":0},"end":{"line":3,"column":39}},"3":{"start":{"line":4,"column":0},"end":{"line":4,"column":54}},"4":{"start":{"line":5,"column":0},"end":{"line":5,"column":61}},"5":{"start":{"line":6,"column":0},"end":{"line":6,"column":115}},"6":{"start":{"line":7,"column":0},"end":{"line":7,"column":47}},"7":{"start":{"line":8,"column":0},"end":{"line":8,"column":36}},"8":{"start":{"line":9,"column":0},"end":{"line":9,"column":29}},"9":{"start":{"line":10,"column":0},"end":{"line":10,"column":57}},"10":{"start":{"line":11,"column":0},"end":{"line":11,"column":36}},"11":{"start":{"line":12,"column":0},"end":{"line":12,"column":55}},"12":{"start":{"line":13,"column":0},"end":{"line":13,"column":52}},"13":{"start":{"line":14,"column":0},"end":{"line":14,"column":78}},"14":{"start":{"line":15,"column":0},"end":{"line":15,"column":12}},"15":{"start":{"line":16,"column":0},"end":{"line":16,"column":60}},"16":{"start":{"line":17,"column":0},"end":{"line":17,"column":5}},"17":{"start":{"line":18,"column":0},"end":{"line":18,"column":5}},"18":{"start":{"line":19,"column":0},"end":{"line":19,"column":16}},"19":{"start":{"line":20,"column":0},"end":{"line":20,"column":2}},"20":{"start":{"line":21,"column":0},"end":{"line":21,"column":0}},"21":{"start":{"line":22,"column":0},"end":{"line":22,"column":49}},"22":{"start":{"line":23,"column":0},"end":{"line":23,"column":68}},"23":{"start":{"line":24,"column":0},"end":{"line":24,"column":40}},"24":{"start":{"line":25,"column":0},"end":{"line":25,"column":25}},"25":{"start":{"line":26,"column":0},"end":{"line":26,"column":69}},"26":{"start":{"line":27,"column":0},"end":{"line":27,"column":57}},"27":{"start":{"line":28,"column":0},"end":{"line":28,"column":52}},"28":{"start":{"line":29,"column":0},"end":{"line":29,"column":36}},"29":{"start":{"line":30,"column":0},"end":{"line":30,"column":32}},"30":{"start":{"line":31,"column":0},"end":{"line":31,"column":45}},"31":{"start":{"line":32,"column":0},"end":{"line":32,"column":41}},"32":{"start":{"line":33,"column":0},"end":{"line":33,"column":45}},"33":{"start":{"line":34,"column":0},"end":{"line":34,"column":41}},"34":{"start":{"line":35,"column":0},"end":{"line":35,"column":78}},"35":{"start":{"line":36,"column":0},"end":{"line":36,"column":43}},"36":{"start":{"line":37,"column":0},"end":{"line":37,"column":46}},"37":{"start":{"line":38,"column":0},"end":{"line":38,"column":5}},"38":{"start":{"line":39,"column":0},"end":{"line":39,"column":5}},"39":{"start":{"line":40,"column":0},"end":{"line":40,"column":38}},"40":{"start":{"line":41,"column":0},"end":{"line":41,"column":2}},"41":{"start":{"line":42,"column":0},"end":{"line":42,"column":0}},"42":{"start":{"line":43,"column":0},"end":{"line":43,"column":37}},"43":{"start":{"line":44,"column":0},"end":{"line":44,"column":0}},"44":{"start":{"line":45,"column":0},"end":{"line":45,"column":41}},"45":{"start":{"line":46,"column":0},"end":{"line":46,"column":52}},"46":{"start":{"line":47,"column":0},"end":{"line":47,"column":61}},"47":{"start":{"line":48,"column":0},"end":{"line":48,"column":30}},"48":{"start":{"line":49,"column":0},"end":{"line":49,"column":67}},"49":{"start":{"line":50,"column":0},"end":{"line":50,"column":55}},"50":{"start":{"line":51,"column":0},"end":{"line":51,"column":50}},"51":{"start":{"line":52,"column":0},"end":{"line":52,"column":22}},"52":{"start":{"line":53,"column":0},"end":{"line":53,"column":17}},"53":{"start":{"line":54,"column":0},"end":{"line":54,"column":27}},"54":{"start":{"line":55,"column":0},"end":{"line":55,"column":36}},"55":{"start":{"line":56,"column":0},"end":{"line":56,"column":34}},"56":{"start":{"line":57,"column":0},"end":{"line":57,"column":36}},"57":{"start":{"line":58,"column":0},"end":{"line":58,"column":50}},"58":{"start":{"line":59,"column":0},"end":{"line":59,"column":62}},"59":{"start":{"line":60,"column":0},"end":{"line":60,"column":10}},"60":{"start":{"line":61,"column":0},"end":{"line":61,"column":36}},"61":{"start":{"line":62,"column":0},"end":{"line":62,"column":3}},"62":{"start":{"line":63,"column":0},"end":{"line":63,"column":4}},"63":{"start":{"line":64,"column":0},"end":{"line":64,"column":14}},"64":{"start":{"line":65,"column":0},"end":{"line":65,"column":11}},"65":{"start":{"line":66,"column":0},"end":{"line":66,"column":11}},"66":{"start":{"line":67,"column":0},"end":{"line":67,"column":5}},"67":{"start":{"line":68,"column":0},"end":{"line":68,"column":4}}},"s":{"0":1,"1":1,"2":1,"3":2,"4":2,"5":2,"6":2,"7":2,"8":10,"9":4,"10":10,"11":2,"12":6,"13":2,"14":2,"15":2,"16":2,"17":2,"18":2,"19":2,"20":1,"21":1,"22":2,"23":2,"24":2,"25":2,"26":2,"27":2,"28":2,"29":10,"30":2,"31":10,"32":4,"33":4,"34":2,"35":2,"36":2,"37":2,"38":2,"39":2,"40":2,"41":1,"42":1,"43":1,"44":1,"45":1,"46":1,"47":1,"48":1,"49":1,"50":1,"51":1,"52":1,"53":1,"54":1,"55":1,"56":1,"57":1,"58":1,"59":1,"60":1,"61":1,"62":1,"63":1,"64":1,"65":1,"66":1,"67":1},"branchMap":{"0":{"type":"branch","line":3,"loc":{"start":{"line":3,"column":20},"end":{"line":20,"column":2}},"locations":[{"start":{"line":3,"column":20},"end":{"line":20,"column":2}}]},"1":{"type":"branch","line":8,"loc":{"start":{"line":8,"column":27},"end":{"line":18,"column":3}},"locations":[{"start":{"line":8,"column":27},"end":{"line":18,"column":3}}]},"2":{"type":"branch","line":9,"loc":{"start":{"line":9,"column":28},"end":{"line":11,"column":5}},"locations":[{"start":{"line":9,"column":28},"end":{"line":11,"column":5}}]},"3":{"type":"branch","line":11,"loc":{"start":{"line":11,"column":5},"end":{"line":17,"column":5}},"locations":[{"start":{"line":11,"column":5},"end":{"line":17,"column":5}}]},"4":{"type":"branch","line":11,"loc":{"start":{"line":11,"column":35},"end":{"line":13,"column":5}},"locations":[{"start":{"line":11,"column":35},"end":{"line":13,"column":5}}]},"5":{"type":"branch","line":13,"loc":{"start":{"line":13,"column":5},"end":{"line":17,"column":5}},"locations":[{"start":{"line":13,"column":5},"end":{"line":17,"column":5}}]},"6":{"type":"branch","line":13,"loc":{"start":{"line":13,"column":51},"end":{"line":17,"column":5}},"locations":[{"start":{"line":13,"column":51},"end":{"line":17,"column":5}}]},"7":{"type":"branch","line":22,"loc":{"start":{"line":22,"column":30},"end":{"line":41,"column":2}},"locations":[{"start":{"line":22,"column":30},"end":{"line":41,"column":2}}]},"8":{"type":"branch","line":29,"loc":{"start":{"line":29,"column":26},"end":{"line":39,"column":3}},"locations":[{"start":{"line":29,"column":26},"end":{"line":39,"column":3}}]},"9":{"type":"branch","line":30,"loc":{"start":{"line":30,"column":31},"end":{"line":32,"column":5}},"locations":[{"start":{"line":30,"column":31},"end":{"line":32,"column":5}}]},"10":{"type":"branch","line":32,"loc":{"start":{"line":32,"column":5},"end":{"line":38,"column":5}},"locations":[{"start":{"line":32,"column":5},"end":{"line":38,"column":5}}]},"11":{"type":"branch","line":32,"loc":{"start":{"line":32,"column":40},"end":{"line":38,"column":5}},"locations":[{"start":{"line":32,"column":40},"end":{"line":38,"column":5}}]},"12":{"type":"branch","line":34,"loc":{"start":{"line":34,"column":40},"end":{"line":38,"column":5}},"locations":[{"start":{"line":34,"column":40},"end":{"line":38,"column":5}}]}},"b":{"0":[2],"1":[10],"2":[4],"3":[6],"4":[2],"5":[4],"6":[2],"7":[2],"8":[10],"9":[2],"10":[8],"11":[4],"12":[2]},"fnMap":{"0":{"name":"compareData","decl":{"start":{"line":3,"column":20},"end":{"line":20,"column":2}},"loc":{"start":{"line":3,"column":20},"end":{"line":20,"column":2}},"line":3},"1":{"name":"stringifyComparedData","decl":{"start":{"line":22,"column":30},"end":{"line":41,"column":2}},"loc":{"start":{"line":22,"column":30},"end":{"line":41,"column":2}},"line":22}},"f":{"0":2,"1":2}}
,"/Users/ZARINA/fullstack-javascript-project-46/src/index.js": {"path":"/Users/ZARINA/fullstack-javascript-project-46/src/index.js","all":false,"statementMap":{"0":{"start":{"line":1,"column":0},"end":{"line":1,"column":20}},"1":{"start":{"line":2,"column":0},"end":{"line":2,"column":24}},"2":{"start":{"line":3,"column":0},"end":{"line":3,"column":30}},"3":{"start":{"line":4,"column":0},"end":{"line":4,"column":39}},"4":{"start":{"line":5,"column":0},"end":{"line":5,"column":53}},"5":{"start":{"line":6,"column":0},"end":{"line":6,"column":0}},"6":{"start":{"line":7,"column":0},"end":{"line":7,"column":87}},"7":{"start":{"line":8,"column":0},"end":{"line":8,"column":0}},"8":{"start":{"line":9,"column":0},"end":{"line":9,"column":31}},"9":{"start":{"line":10,"column":0},"end":{"line":10,"column":72}},"10":{"start":{"line":11,"column":0},"end":{"line":11,"column":72}},"11":{"start":{"line":12,"column":0},"end":{"line":12,"column":33}},"12":{"start":{"line":13,"column":0},"end":{"line":13,"column":80}},"13":{"start":{"line":14,"column":0},"end":{"line":14,"column":101}},"14":{"start":{"line":15,"column":0},"end":{"line":15,"column":52}},"15":{"start":{"line":16,"column":0},"end":{"line":16,"column":79}},"16":{"start":{"line":17,"column":0},"end":{"line":17,"column":30}},"17":{"start":{"line":18,"column":0},"end":{"line":18,"column":12}},"18":{"start":{"line":19,"column":0},"end":{"line":19,"column":22}},"19":{"start":{"line":20,"column":0},"end":{"line":20,"column":16}},"20":{"start":{"line":21,"column":0},"end":{"line":21,"column":27}},"21":{"start":{"line":22,"column":0},"end":{"line":22,"column":17}},"22":{"start":{"line":23,"column":0},"end":{"line":23,"column":3}},"23":{"start":{"line":24,"column":0},"end":{"line":24,"column":26}},"24":{"start":{"line":25,"column":0},"end":{"line":25,"column":64}},"25":{"start":{"line":26,"column":0},"end":{"line":26,"column":31}},"26":{"start":{"line":27,"column":0},"end":{"line":27,"column":15}},"27":{"start":{"line":28,"column":0},"end":{"line":28,"column":0}},"28":{"start":{"line":29,"column":0},"end":{"line":29,"column":103}},"29":{"start":{"line":30,"column":0},"end":{"line":30,"column":43}},"30":{"start":{"line":31,"column":0},"end":{"line":31,"column":51}},"31":{"start":{"line":32,"column":0},"end":{"line":32,"column":51}},"32":{"start":{"line":33,"column":0},"end":{"line":33,"column":85}},"33":{"start":{"line":34,"column":0},"end":{"line":34,"column":85}},"34":{"start":{"line":35,"column":0},"end":{"line":35,"column":79}},"35":{"start":{"line":36,"column":0},"end":{"line":36,"column":16}},"36":{"start":{"line":37,"column":0},"end":{"line":37,"column":2}},"37":{"start":{"line":38,"column":0},"end":{"line":38,"column":0}},"38":{"start":{"line":39,"column":0},"end":{"line":39,"column":23}}},"s":{"0":1,"1":1,"2":1,"3":1,"4":1,"5":1,"6":1,"7":1,"8":1,"9":1,"10":1,"11":1,"12":1,"13":1,"14":1,"15":1,"16":1,"17":1,"18":1,"19":1,"20":1,"21":1,"22":1,"23":1,"24":1,"25":1,"26":1,"27":1,"28":1,"29":1,"30":2,"31":2,"32":2,"33":2,"34":2,"35":2,"36":2,"37":1,"38":1},"branchMap":{"0":{"type":"branch","line":11,"loc":{"start":{"line":11,"column":21},"end":{"line":11,"column":71}},"locations":[{"start":{"line":11,"column":21},"end":{"line":11,"column":71}}]},"1":{"type":"branch","line":16,"loc":{"start":{"line":16,"column":18},"end":{"line":16,"column":78}},"locations":[{"start":{"line":16,"column":18},"end":{"line":16,"column":78}}]},"2":{"type":"branch","line":25,"loc":{"start":{"line":25,"column":19},"end":{"line":25,"column":63}},"locations":[{"start":{"line":25,"column":19},"end":{"line":25,"column":63}}]},"3":{"type":"branch","line":30,"loc":{"start":{"line":30,"column":16},"end":{"line":37,"column":2}},"locations":[{"start":{"line":30,"column":16},"end":{"line":37,"column":2}}]}},"b":{"0":[4],"1":[4],"2":[4],"3":[2]},"fnMap":{"0":{"name":"getFilePath","decl":{"start":{"line":11,"column":21},"end":{"line":11,"column":71}},"loc":{"start":{"line":11,"column":21},"end":{"line":11,"column":71}},"line":11},"1":{"name":"readFile","decl":{"start":{"line":16,"column":18},"end":{"line":16,"column":78}},"loc":{"start":{"line":16,"column":18},"end":{"line":16,"column":78}},"line":16},"2":{"name":"getFormat","decl":{"start":{"line":25,"column":19},"end":{"line":25,"column":63}},"loc":{"start":{"line":25,"column":19},"end":{"line":25,"column":63}},"line":25},"3":{"name":"genDiff","decl":{"start":{"line":30,"column":16},"end":{"line":37,"column":2}},"loc":{"start":{"line":30,"column":16},"end":{"line":37,"column":2}},"line":30}},"f":{"0":4,"1":4,"2":4,"3":2}}
,"/Users/ZARINA/fullstack-javascript-project-46/src/parsing.js": {"path":"/Users/ZARINA/fullstack-javascript-project-46/src/parsing.js","all":false,"statementMap":{"0":{"start":{"line":1,"column":0},"end":{"line":1,"column":61}},"1":{"start":{"line":2,"column":0},"end":{"line":2,"column":38}},"2":{"start":{"line":3,"column":0},"end":{"line":3,"column":0}},"3":{"start":{"line":4,"column":0},"end":{"line":4,"column":37}},"4":{"start":{"line":5,"column":0},"end":{"line":5,"column":30}},"5":{"start":{"line":6,"column":0},"end":{"line":6,"column":27}},"6":{"start":{"line":7,"column":0},"end":{"line":7,"column":0}},"7":{"start":{"line":8,"column":0},"end":{"line":8,"column":39}},"8":{"start":{"line":9,"column":0},"end":{"line":9,"column":19}},"9":{"start":{"line":10,"column":0},"end":{"line":10,"column":16}},"10":{"start":{"line":11,"column":0},"end":{"line":11,"column":30}},"11":{"start":{"line":12,"column":0},"end":{"line":12,"column":16}},"12":{"start":{"line":13,"column":0},"end":{"line":13,"column":29}},"13":{"start":{"line":14,"column":0},"end":{"line":14,"column":15}},"14":{"start":{"line":15,"column":0},"end":{"line":15,"column":29}},"15":{"start":{"line":16,"column":0},"end":{"line":16,"column":12}},"16":{"start":{"line":17,"column":0},"end":{"line":17,"column":55}},"17":{"start":{"line":18,"column":0},"end":{"line":18,"column":3}},"18":{"start":{"line":19,"column":0},"end":{"line":19,"column":2}},"19":{"start":{"line":20,"column":0},"end":{"line":20,"column":0}},"20":{"start":{"line":21,"column":0},"end":{"line":21,"column":27}}},"s":{"0":1,"1":1,"2":1,"3":1,"4":1,"5":1,"6":1,"7":1,"8":4,"9":4,"10":2,"11":4,"12":2,"13":4,"14":0,"15":4,"16":0,"17":4,"18":4,"19":1,"20":1},"branchMap":{"0":{"type":"branch","line":8,"loc":{"start":{"line":8,"column":20},"end":{"line":19,"column":2}},"locations":[{"start":{"line":8,"column":20},"end":{"line":19,"column":2}}]},"1":{"type":"branch","line":10,"loc":{"start":{"line":10,"column":4},"end":{"line":11,"column":30}},"locations":[{"start":{"line":10,"column":4},"end":{"line":11,"column":30}}]},"2":{"type":"branch","line":12,"loc":{"start":{"line":12,"column":4},"end":{"line":13,"column":29}},"locations":[{"start":{"line":12,"column":4},"end":{"line":13,"column":29}}]},"3":{"type":"branch","line":14,"loc":{"start":{"line":14,"column":4},"end":{"line":15,"column":29}},"locations":[{"start":{"line":14,"column":4},"end":{"line":15,"column":29}}]},"4":{"type":"branch","line":16,"loc":{"start":{"line":16,"column":4},"end":{"line":17,"column":55}},"locations":[{"start":{"line":16,"column":4},"end":{"line":17,"column":55}}]}},"b":{"0":[4],"1":[2],"2":[2],"3":[0],"4":[0]},"fnMap":{"0":{"name":"getFileInfo","decl":{"start":{"line":8,"column":20},"end":{"line":19,"column":2}},"loc":{"start":{"line":8,"column":20},"end":{"line":19,"column":2}},"line":8}},"f":{"0":4}}
}
