{"/Users/ZARINA/fullstack-javascript-project-46/src/index.js": {"path":"/Users/ZARINA/fullstack-javascript-project-46/src/index.js","all":false,"statementMap":{"0":{"start":{"line":1,"column":0},"end":{"line":1,"column":20}},"1":{"start":{"line":2,"column":0},"end":{"line":2,"column":24}},"2":{"start":{"line":3,"column":0},"end":{"line":3,"column":30}},"3":{"start":{"line":4,"column":0},"end":{"line":4,"column":39}},"4":{"start":{"line":5,"column":0},"end":{"line":5,"column":44}},"5":{"start":{"line":6,"column":0},"end":{"line":6,"column":54}},"6":{"start":{"line":7,"column":0},"end":{"line":7,"column":0}},"7":{"start":{"line":8,"column":0},"end":{"line":8,"column":87}},"8":{"start":{"line":9,"column":0},"end":{"line":9,"column":0}},"9":{"start":{"line":10,"column":0},"end":{"line":10,"column":31}},"10":{"start":{"line":11,"column":0},"end":{"line":11,"column":72}},"11":{"start":{"line":12,"column":0},"end":{"line":12,"column":72}},"12":{"start":{"line":13,"column":0},"end":{"line":13,"column":33}},"13":{"start":{"line":14,"column":0},"end":{"line":14,"column":80}},"14":{"start":{"line":15,"column":0},"end":{"line":15,"column":101}},"15":{"start":{"line":16,"column":0},"end":{"line":16,"column":52}},"16":{"start":{"line":17,"column":0},"end":{"line":17,"column":79}},"17":{"start":{"line":18,"column":0},"end":{"line":18,"column":30}},"18":{"start":{"line":19,"column":0},"end":{"line":19,"column":12}},"19":{"start":{"line":20,"column":0},"end":{"line":20,"column":22}},"20":{"start":{"line":21,"column":0},"end":{"line":21,"column":16}},"21":{"start":{"line":22,"column":0},"end":{"line":22,"column":27}},"22":{"start":{"line":23,"column":0},"end":{"line":23,"column":17}},"23":{"start":{"line":24,"column":0},"end":{"line":24,"column":3}},"24":{"start":{"line":25,"column":0},"end":{"line":25,"column":26}},"25":{"start":{"line":26,"column":0},"end":{"line":26,"column":64}},"26":{"start":{"line":27,"column":0},"end":{"line":27,"column":31}},"27":{"start":{"line":28,"column":0},"end":{"line":28,"column":15}},"28":{"start":{"line":29,"column":0},"end":{"line":29,"column":0}},"29":{"start":{"line":30,"column":0},"end":{"line":30,"column":103}},"30":{"start":{"line":31,"column":0},"end":{"line":31,"column":63}},"31":{"start":{"line":32,"column":0},"end":{"line":32,"column":51}},"32":{"start":{"line":33,"column":0},"end":{"line":33,"column":51}},"33":{"start":{"line":34,"column":0},"end":{"line":34,"column":85}},"34":{"start":{"line":35,"column":0},"end":{"line":35,"column":85}},"35":{"start":{"line":36,"column":0},"end":{"line":36,"column":67}},"36":{"start":{"line":37,"column":0},"end":{"line":37,"column":36}},"37":{"start":{"line":38,"column":0},"end":{"line":38,"column":2}},"38":{"start":{"line":39,"column":0},"end":{"line":39,"column":0}},"39":{"start":{"line":40,"column":0},"end":{"line":40,"column":23}}},"s":{"0":1,"1":1,"2":1,"3":1,"4":1,"5":1,"6":1,"7":1,"8":1,"9":1,"10":1,"11":1,"12":1,"13":1,"14":1,"15":1,"16":1,"17":1,"18":1,"19":1,"20":1,"21":1,"22":1,"23":1,"24":1,"25":1,"26":1,"27":1,"28":1,"29":1,"30":1,"31":12,"32":12,"33":12,"34":12,"35":12,"36":12,"37":12,"38":1,"39":1},"branchMap":{"0":{"type":"branch","line":12,"loc":{"start":{"line":12,"column":21},"end":{"line":12,"column":71}},"locations":[{"start":{"line":12,"column":21},"end":{"line":12,"column":71}}]},"1":{"type":"branch","line":17,"loc":{"start":{"line":17,"column":18},"end":{"line":17,"column":78}},"locations":[{"start":{"line":17,"column":18},"end":{"line":17,"column":78}}]},"2":{"type":"branch","line":26,"loc":{"start":{"line":26,"column":19},"end":{"line":26,"column":63}},"locations":[{"start":{"line":26,"column":19},"end":{"line":26,"column":63}}]},"3":{"type":"branch","line":31,"loc":{"start":{"line":31,"column":16},"end":{"line":38,"column":2}},"locations":[{"start":{"line":31,"column":16},"end":{"line":38,"column":2}}]}},"b":{"0":[24],"1":[24],"2":[24],"3":[12]},"fnMap":{"0":{"name":"getFilePath","decl":{"start":{"line":12,"column":21},"end":{"line":12,"column":71}},"loc":{"start":{"line":12,"column":21},"end":{"line":12,"column":71}},"line":12},"1":{"name":"readFile","decl":{"start":{"line":17,"column":18},"end":{"line":17,"column":78}},"loc":{"start":{"line":17,"column":18},"end":{"line":17,"column":78}},"line":17},"2":{"name":"getFormat","decl":{"start":{"line":26,"column":19},"end":{"line":26,"column":63}},"loc":{"start":{"line":26,"column":19},"end":{"line":26,"column":63}},"line":26},"3":{"name":"genDiff","decl":{"start":{"line":31,"column":16},"end":{"line":38,"column":2}},"loc":{"start":{"line":31,"column":16},"end":{"line":38,"column":2}},"line":31}},"f":{"0":24,"1":24,"2":24,"3":12}}
,"/Users/ZARINA/fullstack-javascript-project-46/src/makeDataTree.js": {"path":"/Users/ZARINA/fullstack-javascript-project-46/src/makeDataTree.js","all":false,"statementMap":{"0":{"start":{"line":1,"column":0},"end":{"line":1,"column":23}},"1":{"start":{"line":2,"column":0},"end":{"line":2,"column":0}},"2":{"start":{"line":3,"column":0},"end":{"line":3,"column":39}},"3":{"start":{"line":4,"column":0},"end":{"line":4,"column":61}},"4":{"start":{"line":5,"column":0},"end":{"line":5,"column":0}},"5":{"start":{"line":6,"column":0},"end":{"line":6,"column":40}},"6":{"start":{"line":7,"column":0},"end":{"line":7,"column":59}},"7":{"start":{"line":8,"column":0},"end":{"line":8,"column":90}},"8":{"start":{"line":9,"column":0},"end":{"line":9,"column":5}},"9":{"start":{"line":10,"column":0},"end":{"line":10,"column":29}},"10":{"start":{"line":11,"column":0},"end":{"line":11,"column":63}},"11":{"start":{"line":12,"column":0},"end":{"line":12,"column":5}},"12":{"start":{"line":13,"column":0},"end":{"line":13,"column":29}},"13":{"start":{"line":14,"column":0},"end":{"line":14,"column":61}},"14":{"start":{"line":15,"column":0},"end":{"line":15,"column":5}},"15":{"start":{"line":16,"column":0},"end":{"line":16,"column":49}},"16":{"start":{"line":17,"column":0},"end":{"line":17,"column":47}},"17":{"start":{"line":18,"column":0},"end":{"line":18,"column":86}},"18":{"start":{"line":19,"column":0},"end":{"line":19,"column":7}},"19":{"start":{"line":20,"column":0},"end":{"line":20,"column":65}},"20":{"start":{"line":21,"column":0},"end":{"line":21,"column":5}},"21":{"start":{"line":22,"column":0},"end":{"line":22,"column":5}},"22":{"start":{"line":23,"column":0},"end":{"line":23,"column":16}},"23":{"start":{"line":24,"column":0},"end":{"line":24,"column":2}},"24":{"start":{"line":25,"column":0},"end":{"line":25,"column":0}},"25":{"start":{"line":26,"column":0},"end":{"line":26,"column":94}},"26":{"start":{"line":27,"column":0},"end":{"line":27,"column":0}},"27":{"start":{"line":28,"column":0},"end":{"line":28,"column":27}}},"s":{"0":1,"1":1,"2":1,"3":60,"4":60,"5":60,"6":216,"7":48,"8":48,"9":216,"10":24,"11":24,"12":216,"13":60,"14":60,"15":216,"16":84,"17":48,"18":48,"19":36,"20":36,"21":60,"22":60,"23":60,"24":1,"25":1,"26":1,"27":1},"branchMap":{"0":{"type":"branch","line":3,"loc":{"start":{"line":3,"column":20},"end":{"line":24,"column":2}},"locations":[{"start":{"line":3,"column":20},"end":{"line":24,"column":2}}]},"1":{"type":"branch","line":6,"loc":{"start":{"line":6,"column":31},"end":{"line":22,"column":3}},"locations":[{"start":{"line":6,"column":31},"end":{"line":22,"column":3}}]},"2":{"type":"branch","line":7,"loc":{"start":{"line":7,"column":30},"end":{"line":7,"column":56}},"locations":[{"start":{"line":7,"column":30},"end":{"line":7,"column":56}}]},"3":{"type":"branch","line":7,"loc":{"start":{"line":7,"column":58},"end":{"line":9,"column":5}},"locations":[{"start":{"line":7,"column":58},"end":{"line":9,"column":5}}]},"4":{"type":"branch","line":9,"loc":{"start":{"line":9,"column":4},"end":{"line":10,"column":28}},"locations":[{"start":{"line":9,"column":4},"end":{"line":10,"column":28}}]},"5":{"type":"branch","line":10,"loc":{"start":{"line":10,"column":28},"end":{"line":12,"column":5}},"locations":[{"start":{"line":10,"column":28},"end":{"line":12,"column":5}}]},"6":{"type":"branch","line":12,"loc":{"start":{"line":12,"column":4},"end":{"line":13,"column":28}},"locations":[{"start":{"line":12,"column":4},"end":{"line":13,"column":28}}]},"7":{"type":"branch","line":13,"loc":{"start":{"line":13,"column":28},"end":{"line":15,"column":5}},"locations":[{"start":{"line":13,"column":28},"end":{"line":15,"column":5}}]},"8":{"type":"branch","line":15,"loc":{"start":{"line":15,"column":4},"end":{"line":16,"column":46}},"locations":[{"start":{"line":15,"column":4},"end":{"line":16,"column":46}}]},"9":{"type":"branch","line":16,"loc":{"start":{"line":16,"column":48},"end":{"line":21,"column":5}},"locations":[{"start":{"line":16,"column":48},"end":{"line":21,"column":5}}]},"10":{"type":"branch","line":17,"loc":{"start":{"line":17,"column":46},"end":{"line":19,"column":7}},"locations":[{"start":{"line":17,"column":46},"end":{"line":19,"column":7}}]},"11":{"type":"branch","line":19,"loc":{"start":{"line":19,"column":6},"end":{"line":21,"column":5}},"locations":[{"start":{"line":19,"column":6},"end":{"line":21,"column":5}}]},"12":{"type":"branch","line":26,"loc":{"start":{"line":26,"column":20},"end":{"line":26,"column":93}},"locations":[{"start":{"line":26,"column":20},"end":{"line":26,"column":93}}]}},"b":{"0":[60],"1":[216],"2":[72],"3":[48],"4":[168],"5":[24],"6":[144],"7":[60],"8":[84],"9":[84],"10":[48],"11":[36],"12":[12]},"fnMap":{"0":{"name":"compareData","decl":{"start":{"line":3,"column":20},"end":{"line":24,"column":2}},"loc":{"start":{"line":3,"column":20},"end":{"line":24,"column":2}},"line":3},"1":{"name":"treeBuilder","decl":{"start":{"line":26,"column":20},"end":{"line":26,"column":93}},"loc":{"start":{"line":26,"column":20},"end":{"line":26,"column":93}},"line":26}},"f":{"0":60,"1":12}}
,"/Users/ZARINA/fullstack-javascript-project-46/src/parsing.js": {"path":"/Users/ZARINA/fullstack-javascript-project-46/src/parsing.js","all":false,"statementMap":{"0":{"start":{"line":1,"column":0},"end":{"line":1,"column":61}},"1":{"start":{"line":2,"column":0},"end":{"line":2,"column":38}},"2":{"start":{"line":3,"column":0},"end":{"line":3,"column":0}},"3":{"start":{"line":4,"column":0},"end":{"line":4,"column":37}},"4":{"start":{"line":5,"column":0},"end":{"line":5,"column":30}},"5":{"start":{"line":6,"column":0},"end":{"line":6,"column":27}},"6":{"start":{"line":7,"column":0},"end":{"line":7,"column":0}},"7":{"start":{"line":8,"column":0},"end":{"line":8,"column":39}},"8":{"start":{"line":9,"column":0},"end":{"line":9,"column":19}},"9":{"start":{"line":10,"column":0},"end":{"line":10,"column":16}},"10":{"start":{"line":11,"column":0},"end":{"line":11,"column":30}},"11":{"start":{"line":12,"column":0},"end":{"line":12,"column":16}},"12":{"start":{"line":13,"column":0},"end":{"line":13,"column":29}},"13":{"start":{"line":14,"column":0},"end":{"line":14,"column":15}},"14":{"start":{"line":15,"column":0},"end":{"line":15,"column":29}},"15":{"start":{"line":16,"column":0},"end":{"line":16,"column":12}},"16":{"start":{"line":17,"column":0},"end":{"line":17,"column":55}},"17":{"start":{"line":18,"column":0},"end":{"line":18,"column":3}},"18":{"start":{"line":19,"column":0},"end":{"line":19,"column":2}},"19":{"start":{"line":20,"column":0},"end":{"line":20,"column":0}},"20":{"start":{"line":21,"column":0},"end":{"line":21,"column":27}}},"s":{"0":1,"1":1,"2":1,"3":1,"4":1,"5":1,"6":1,"7":1,"8":24,"9":24,"10":8,"11":24,"12":8,"13":24,"14":8,"15":24,"16":0,"17":24,"18":24,"19":1,"20":1},"branchMap":{"0":{"type":"branch","line":8,"loc":{"start":{"line":8,"column":20},"end":{"line":19,"column":2}},"locations":[{"start":{"line":8,"column":20},"end":{"line":19,"column":2}}]},"1":{"type":"branch","line":10,"loc":{"start":{"line":10,"column":4},"end":{"line":11,"column":30}},"locations":[{"start":{"line":10,"column":4},"end":{"line":11,"column":30}}]},"2":{"type":"branch","line":12,"loc":{"start":{"line":12,"column":4},"end":{"line":13,"column":29}},"locations":[{"start":{"line":12,"column":4},"end":{"line":13,"column":29}}]},"3":{"type":"branch","line":14,"loc":{"start":{"line":14,"column":4},"end":{"line":15,"column":29}},"locations":[{"start":{"line":14,"column":4},"end":{"line":15,"column":29}}]},"4":{"type":"branch","line":16,"loc":{"start":{"line":16,"column":4},"end":{"line":17,"column":55}},"locations":[{"start":{"line":16,"column":4},"end":{"line":17,"column":55}}]}},"b":{"0":[24],"1":[8],"2":[8],"3":[8],"4":[0]},"fnMap":{"0":{"name":"getFileInfo","decl":{"start":{"line":8,"column":20},"end":{"line":19,"column":2}},"loc":{"start":{"line":8,"column":20},"end":{"line":19,"column":2}},"line":8}},"f":{"0":24}}
,"/Users/ZARINA/fullstack-javascript-project-46/src/formatters/index.js": {"path":"/Users/ZARINA/fullstack-javascript-project-46/src/formatters/index.js","all":false,"statementMap":{"0":{"start":{"line":1,"column":0},"end":{"line":1,"column":47}},"1":{"start":{"line":2,"column":0},"end":{"line":2,"column":43}},"2":{"start":{"line":3,"column":0},"end":{"line":3,"column":0}},"3":{"start":{"line":4,"column":0},"end":{"line":4,"column":40}},"4":{"start":{"line":5,"column":0},"end":{"line":5,"column":19}},"5":{"start":{"line":6,"column":0},"end":{"line":6,"column":19}},"6":{"start":{"line":7,"column":0},"end":{"line":7,"column":27}},"7":{"start":{"line":8,"column":0},"end":{"line":8,"column":17}},"8":{"start":{"line":9,"column":0},"end":{"line":9,"column":25}},"9":{"start":{"line":10,"column":0},"end":{"line":10,"column":16}},"10":{"start":{"line":11,"column":0},"end":{"line":11,"column":34}},"11":{"start":{"line":12,"column":0},"end":{"line":12,"column":12}},"12":{"start":{"line":13,"column":0},"end":{"line":13,"column":54}},"13":{"start":{"line":14,"column":0},"end":{"line":14,"column":3}},"14":{"start":{"line":15,"column":0},"end":{"line":15,"column":2}},"15":{"start":{"line":16,"column":0},"end":{"line":16,"column":0}},"16":{"start":{"line":17,"column":0},"end":{"line":17,"column":28}}},"s":{"0":1,"1":1,"2":1,"3":1,"4":12,"5":12,"6":6,"7":12,"8":3,"9":12,"10":3,"11":12,"12":0,"13":12,"14":12,"15":1,"16":1},"branchMap":{"0":{"type":"branch","line":4,"loc":{"start":{"line":4,"column":21},"end":{"line":15,"column":2}},"locations":[{"start":{"line":4,"column":21},"end":{"line":15,"column":2}}]},"1":{"type":"branch","line":6,"loc":{"start":{"line":6,"column":4},"end":{"line":7,"column":27}},"locations":[{"start":{"line":6,"column":4},"end":{"line":7,"column":27}}]},"2":{"type":"branch","line":8,"loc":{"start":{"line":8,"column":4},"end":{"line":9,"column":25}},"locations":[{"start":{"line":8,"column":4},"end":{"line":9,"column":25}}]},"3":{"type":"branch","line":10,"loc":{"start":{"line":10,"column":4},"end":{"line":11,"column":34}},"locations":[{"start":{"line":10,"column":4},"end":{"line":11,"column":34}}]},"4":{"type":"branch","line":12,"loc":{"start":{"line":12,"column":4},"end":{"line":13,"column":54}},"locations":[{"start":{"line":12,"column":4},"end":{"line":13,"column":54}}]}},"b":{"0":[12],"1":[6],"2":[3],"3":[3],"4":[0]},"fnMap":{"0":{"name":"chooseFormat","decl":{"start":{"line":4,"column":21},"end":{"line":15,"column":2}},"loc":{"start":{"line":4,"column":21},"end":{"line":15,"column":2}},"line":4}},"f":{"0":12}}
,"/Users/ZARINA/fullstack-javascript-project-46/src/formatters/plain.js": {"path":"/Users/ZARINA/fullstack-javascript-project-46/src/formatters/plain.js","all":false,"statementMap":{"0":{"start":{"line":1,"column":0},"end":{"line":1,"column":23}},"1":{"start":{"line":2,"column":0},"end":{"line":2,"column":0}},"2":{"start":{"line":3,"column":0},"end":{"line":3,"column":30}},"3":{"start":{"line":4,"column":0},"end":{"line":4,"column":26}},"4":{"start":{"line":5,"column":0},"end":{"line":5,"column":29}},"5":{"start":{"line":6,"column":0},"end":{"line":6,"column":3}},"6":{"start":{"line":7,"column":0},"end":{"line":7,"column":26}},"7":{"start":{"line":8,"column":0},"end":{"line":8,"column":24}},"8":{"start":{"line":9,"column":0},"end":{"line":9,"column":3}},"9":{"start":{"line":10,"column":0},"end":{"line":10,"column":15}},"10":{"start":{"line":11,"column":0},"end":{"line":11,"column":2}},"11":{"start":{"line":12,"column":0},"end":{"line":12,"column":0}},"12":{"start":{"line":13,"column":0},"end":{"line":13,"column":114}},"13":{"start":{"line":14,"column":0},"end":{"line":14,"column":79}},"14":{"start":{"line":15,"column":0},"end":{"line":15,"column":154}},"15":{"start":{"line":16,"column":0},"end":{"line":16,"column":0}},"16":{"start":{"line":17,"column":0},"end":{"line":17,"column":35}},"17":{"start":{"line":18,"column":0},"end":{"line":18,"column":63}},"18":{"start":{"line":19,"column":0},"end":{"line":19,"column":38}},"19":{"start":{"line":20,"column":0},"end":{"line":20,"column":46}},"20":{"start":{"line":21,"column":0},"end":{"line":21,"column":0}},"21":{"start":{"line":22,"column":0},"end":{"line":22,"column":17}},"22":{"start":{"line":23,"column":0},"end":{"line":23,"column":18}},"23":{"start":{"line":24,"column":0},"end":{"line":24,"column":113}},"24":{"start":{"line":25,"column":0},"end":{"line":25,"column":31}},"25":{"start":{"line":26,"column":0},"end":{"line":26,"column":5}},"26":{"start":{"line":27,"column":0},"end":{"line":27,"column":20}},"27":{"start":{"line":28,"column":0},"end":{"line":28,"column":123}},"28":{"start":{"line":29,"column":0},"end":{"line":29,"column":31}},"29":{"start":{"line":30,"column":0},"end":{"line":30,"column":5}},"30":{"start":{"line":31,"column":0},"end":{"line":31,"column":19}},"31":{"start":{"line":32,"column":0},"end":{"line":32,"column":44}},"32":{"start":{"line":33,"column":0},"end":{"line":33,"column":5}},"33":{"start":{"line":34,"column":0},"end":{"line":34,"column":21}},"34":{"start":{"line":35,"column":0},"end":{"line":35,"column":39}},"35":{"start":{"line":36,"column":0},"end":{"line":36,"column":5}},"36":{"start":{"line":37,"column":0},"end":{"line":37,"column":21}},"37":{"start":{"line":38,"column":0},"end":{"line":38,"column":55}},"38":{"start":{"line":39,"column":0},"end":{"line":39,"column":5}},"39":{"start":{"line":40,"column":0},"end":{"line":40,"column":12}},"40":{"start":{"line":41,"column":0},"end":{"line":41,"column":52}},"41":{"start":{"line":42,"column":0},"end":{"line":42,"column":3}},"42":{"start":{"line":43,"column":0},"end":{"line":43,"column":2}},"43":{"start":{"line":44,"column":0},"end":{"line":44,"column":0}},"44":{"start":{"line":45,"column":0},"end":{"line":45,"column":21}}},"s":{"0":1,"1":1,"2":1,"3":39,"4":9,"5":9,"6":39,"7":21,"8":21,"9":9,"10":9,"11":1,"12":1,"13":1,"14":1,"15":1,"16":1,"17":48,"18":48,"19":48,"20":48,"21":48,"22":48,"23":3,"24":3,"25":3,"26":48,"27":12,"28":12,"29":12,"30":48,"31":15,"32":15,"33":48,"34":6,"35":6,"36":48,"37":12,"38":12,"39":48,"40":0,"41":48,"42":48,"43":1,"44":1},"branchMap":{"0":{"type":"branch","line":3,"loc":{"start":{"line":3,"column":19},"end":{"line":11,"column":2}},"locations":[{"start":{"line":3,"column":19},"end":{"line":11,"column":2}}]},"1":{"type":"branch","line":4,"loc":{"start":{"line":4,"column":25},"end":{"line":6,"column":3}},"locations":[{"start":{"line":4,"column":25},"end":{"line":6,"column":3}}]},"2":{"type":"branch","line":6,"loc":{"start":{"line":6,"column":2},"end":{"line":7,"column":25}},"locations":[{"start":{"line":6,"column":2},"end":{"line":7,"column":25}}]},"3":{"type":"branch","line":7,"loc":{"start":{"line":7,"column":25},"end":{"line":9,"column":3}},"locations":[{"start":{"line":7,"column":25},"end":{"line":9,"column":3}}]},"4":{"type":"branch","line":9,"loc":{"start":{"line":9,"column":2},"end":{"line":11,"column":2}},"locations":[{"start":{"line":9,"column":2},"end":{"line":11,"column":2}}]},"5":{"type":"branch","line":13,"loc":{"start":{"line":13,"column":18},"end":{"line":13,"column":113}},"locations":[{"start":{"line":13,"column":18},"end":{"line":13,"column":113}}]},"6":{"type":"branch","line":14,"loc":{"start":{"line":14,"column":21},"end":{"line":14,"column":78}},"locations":[{"start":{"line":14,"column":21},"end":{"line":14,"column":78}}]},"7":{"type":"branch","line":15,"loc":{"start":{"line":15,"column":20},"end":{"line":15,"column":153}},"locations":[{"start":{"line":15,"column":20},"end":{"line":15,"column":153}}]},"8":{"type":"branch","line":17,"loc":{"start":{"line":17,"column":14},"end":{"line":43,"column":2}},"locations":[{"start":{"line":17,"column":14},"end":{"line":43,"column":2}}]},"9":{"type":"branch","line":23,"loc":{"start":{"line":23,"column":4},"end":{"line":26,"column":5}},"locations":[{"start":{"line":23,"column":4},"end":{"line":26,"column":5}}]},"10":{"type":"branch","line":27,"loc":{"start":{"line":27,"column":4},"end":{"line":30,"column":5}},"locations":[{"start":{"line":27,"column":4},"end":{"line":30,"column":5}}]},"11":{"type":"branch","line":31,"loc":{"start":{"line":31,"column":4},"end":{"line":33,"column":5}},"locations":[{"start":{"line":31,"column":4},"end":{"line":33,"column":5}}]},"12":{"type":"branch","line":34,"loc":{"start":{"line":34,"column":4},"end":{"line":36,"column":5}},"locations":[{"start":{"line":34,"column":4},"end":{"line":36,"column":5}}]},"13":{"type":"branch","line":37,"loc":{"start":{"line":37,"column":4},"end":{"line":39,"column":5}},"locations":[{"start":{"line":37,"column":4},"end":{"line":39,"column":5}}]},"14":{"type":"branch","line":40,"loc":{"start":{"line":40,"column":4},"end":{"line":41,"column":52}},"locations":[{"start":{"line":40,"column":4},"end":{"line":41,"column":52}}]},"15":{"type":"branch","line":24,"loc":{"start":{"line":24,"column":38},"end":{"line":24,"column":74}},"locations":[{"start":{"line":24,"column":38},"end":{"line":24,"column":74}}]},"16":{"type":"branch","line":24,"loc":{"start":{"line":24,"column":85},"end":{"line":24,"column":111}},"locations":[{"start":{"line":24,"column":85},"end":{"line":24,"column":111}}]},"17":{"type":"branch","line":28,"loc":{"start":{"line":28,"column":38},"end":{"line":28,"column":74}},"locations":[{"start":{"line":28,"column":38},"end":{"line":28,"column":74}}]},"18":{"type":"branch","line":28,"loc":{"start":{"line":28,"column":85},"end":{"line":28,"column":121}},"locations":[{"start":{"line":28,"column":85},"end":{"line":28,"column":121}}]}},"b":{"0":[39],"1":[9],"2":[30],"3":[21],"4":[9],"5":[15],"6":[6],"7":[12],"8":[48],"9":[3],"10":[12],"11":[15],"12":[6],"13":[12],"14":[0],"15":[12],"16":[12],"17":[42],"18":[33]},"fnMap":{"0":{"name":"stringify","decl":{"start":{"line":3,"column":19},"end":{"line":11,"column":2}},"loc":{"start":{"line":3,"column":19},"end":{"line":11,"column":2}},"line":3},"1":{"name":"caseAdded","decl":{"start":{"line":13,"column":18},"end":{"line":13,"column":113}},"loc":{"start":{"line":13,"column":18},"end":{"line":13,"column":113}},"line":13},"2":{"name":"caseDeleted","decl":{"start":{"line":14,"column":21},"end":{"line":14,"column":78}},"loc":{"start":{"line":14,"column":21},"end":{"line":14,"column":78}},"line":14},"3":{"name":"caseChanged","decl":{"start":{"line":15,"column":20},"end":{"line":15,"column":153}},"loc":{"start":{"line":15,"column":20},"end":{"line":15,"column":153}},"line":15},"4":{"name":"plain","decl":{"start":{"line":17,"column":14},"end":{"line":43,"column":2}},"loc":{"start":{"line":17,"column":14},"end":{"line":43,"column":2}},"line":17}},"f":{"0":39,"1":15,"2":6,"3":12,"4":48}}
,"/Users/ZARINA/fullstack-javascript-project-46/src/formatters/stylish.js": {"path":"/Users/ZARINA/fullstack-javascript-project-46/src/formatters/stylish.js","all":false,"statementMap":{"0":{"start":{"line":1,"column":0},"end":{"line":1,"column":23}},"1":{"start":{"line":2,"column":0},"end":{"line":2,"column":0}},"2":{"start":{"line":3,"column":0},"end":{"line":3,"column":79}},"3":{"start":{"line":4,"column":0},"end":{"line":4,"column":82}},"4":{"start":{"line":5,"column":0},"end":{"line":5,"column":0}},"5":{"start":{"line":6,"column":0},"end":{"line":6,"column":41}},"6":{"start":{"line":7,"column":0},"end":{"line":7,"column":27}},"7":{"start":{"line":8,"column":0},"end":{"line":8,"column":22}},"8":{"start":{"line":9,"column":0},"end":{"line":9,"column":3}},"9":{"start":{"line":10,"column":0},"end":{"line":10,"column":42}},"10":{"start":{"line":11,"column":0},"end":{"line":11,"column":55}},"11":{"start":{"line":12,"column":0},"end":{"line":12,"column":73}},"12":{"start":{"line":13,"column":0},"end":{"line":13,"column":5}},"13":{"start":{"line":14,"column":0},"end":{"line":14,"column":72}},"14":{"start":{"line":15,"column":0},"end":{"line":15,"column":2}},"15":{"start":{"line":16,"column":0},"end":{"line":16,"column":0}},"16":{"start":{"line":17,"column":0},"end":{"line":17,"column":38}},"17":{"start":{"line":18,"column":0},"end":{"line":18,"column":63}},"18":{"start":{"line":19,"column":0},"end":{"line":19,"column":0}},"19":{"start":{"line":20,"column":0},"end":{"line":20,"column":17}},"20":{"start":{"line":21,"column":0},"end":{"line":21,"column":18}},"21":{"start":{"line":22,"column":0},"end":{"line":22,"column":76}},"22":{"start":{"line":23,"column":0},"end":{"line":23,"column":42}},"23":{"start":{"line":24,"column":0},"end":{"line":24,"column":5}},"24":{"start":{"line":25,"column":0},"end":{"line":25,"column":20}},"25":{"start":{"line":26,"column":0},"end":{"line":26,"column":76}},"26":{"start":{"line":27,"column":0},"end":{"line":27,"column":87}},"27":{"start":{"line":28,"column":0},"end":{"line":28,"column":5}},"28":{"start":{"line":29,"column":0},"end":{"line":29,"column":19}},"29":{"start":{"line":30,"column":0},"end":{"line":30,"column":73}},"30":{"start":{"line":31,"column":0},"end":{"line":31,"column":5}},"31":{"start":{"line":32,"column":0},"end":{"line":32,"column":19}},"32":{"start":{"line":33,"column":0},"end":{"line":33,"column":73}},"33":{"start":{"line":34,"column":0},"end":{"line":34,"column":21}},"34":{"start":{"line":35,"column":0},"end":{"line":35,"column":80}},"35":{"start":{"line":36,"column":0},"end":{"line":36,"column":80}},"36":{"start":{"line":37,"column":0},"end":{"line":37,"column":32}},"37":{"start":{"line":38,"column":0},"end":{"line":38,"column":5}},"38":{"start":{"line":39,"column":0},"end":{"line":39,"column":21}},"39":{"start":{"line":40,"column":0},"end":{"line":40,"column":73}},"40":{"start":{"line":41,"column":0},"end":{"line":41,"column":12}},"41":{"start":{"line":42,"column":0},"end":{"line":42,"column":55}},"42":{"start":{"line":43,"column":0},"end":{"line":43,"column":3}},"43":{"start":{"line":44,"column":0},"end":{"line":44,"column":2}},"44":{"start":{"line":45,"column":0},"end":{"line":45,"column":0}},"45":{"start":{"line":46,"column":0},"end":{"line":46,"column":23}},"46":{"start":{"line":47,"column":0},"end":{"line":47,"column":0}},"47":{"start":{"line":48,"column":0},"end":{"line":48,"column":51}},"48":{"start":{"line":49,"column":0},"end":{"line":49,"column":51}},"49":{"start":{"line":50,"column":0},"end":{"line":50,"column":49}}},"s":{"0":1,"1":1,"2":1,"3":1,"4":1,"5":1,"6":162,"7":120,"8":120,"9":42,"10":42,"11":54,"12":42,"13":42,"14":42,"15":1,"16":1,"17":114,"18":114,"19":114,"20":114,"21":6,"22":6,"23":6,"24":114,"25":24,"26":24,"27":24,"28":114,"29":30,"30":30,"31":114,"32":12,"33":114,"34":24,"35":24,"36":24,"37":24,"38":114,"39":18,"40":114,"41":0,"42":114,"43":114,"44":1,"45":1,"46":1,"47":1,"48":1,"49":1},"branchMap":{"0":{"type":"branch","line":3,"loc":{"start":{"line":3,"column":15},"end":{"line":3,"column":78}},"locations":[{"start":{"line":3,"column":15},"end":{"line":3,"column":78}}]},"1":{"type":"branch","line":4,"loc":{"start":{"line":4,"column":22},"end":{"line":4,"column":81}},"locations":[{"start":{"line":4,"column":22},"end":{"line":4,"column":81}}]},"2":{"type":"branch","line":6,"loc":{"start":{"line":6,"column":18},"end":{"line":15,"column":2}},"locations":[{"start":{"line":6,"column":18},"end":{"line":15,"column":2}}]},"3":{"type":"branch","line":7,"loc":{"start":{"line":7,"column":26},"end":{"line":9,"column":3}},"locations":[{"start":{"line":7,"column":26},"end":{"line":9,"column":3}}]},"4":{"type":"branch","line":9,"loc":{"start":{"line":9,"column":2},"end":{"line":15,"column":2}},"locations":[{"start":{"line":9,"column":2},"end":{"line":15,"column":2}}]},"5":{"type":"branch","line":11,"loc":{"start":{"line":11,"column":38},"end":{"line":13,"column":3}},"locations":[{"start":{"line":11,"column":38},"end":{"line":13,"column":3}}]},"6":{"type":"branch","line":17,"loc":{"start":{"line":17,"column":16},"end":{"line":44,"column":2}},"locations":[{"start":{"line":17,"column":16},"end":{"line":44,"column":2}}]},"7":{"type":"branch","line":21,"loc":{"start":{"line":21,"column":4},"end":{"line":24,"column":5}},"locations":[{"start":{"line":21,"column":4},"end":{"line":24,"column":5}}]},"8":{"type":"branch","line":25,"loc":{"start":{"line":25,"column":4},"end":{"line":28,"column":5}},"locations":[{"start":{"line":25,"column":4},"end":{"line":28,"column":5}}]},"9":{"type":"branch","line":29,"loc":{"start":{"line":29,"column":4},"end":{"line":31,"column":5}},"locations":[{"start":{"line":29,"column":4},"end":{"line":31,"column":5}}]},"10":{"type":"branch","line":32,"loc":{"start":{"line":32,"column":4},"end":{"line":33,"column":73}},"locations":[{"start":{"line":32,"column":4},"end":{"line":33,"column":73}}]},"11":{"type":"branch","line":34,"loc":{"start":{"line":34,"column":4},"end":{"line":38,"column":5}},"locations":[{"start":{"line":34,"column":4},"end":{"line":38,"column":5}}]},"12":{"type":"branch","line":39,"loc":{"start":{"line":39,"column":4},"end":{"line":40,"column":73}},"locations":[{"start":{"line":39,"column":4},"end":{"line":40,"column":73}}]},"13":{"type":"branch","line":41,"loc":{"start":{"line":41,"column":4},"end":{"line":42,"column":55}},"locations":[{"start":{"line":41,"column":4},"end":{"line":42,"column":55}}]},"14":{"type":"branch","line":22,"loc":{"start":{"line":22,"column":39},"end":{"line":22,"column":74}},"locations":[{"start":{"line":22,"column":39},"end":{"line":22,"column":74}}]},"15":{"type":"branch","line":26,"loc":{"start":{"line":26,"column":39},"end":{"line":26,"column":74}},"locations":[{"start":{"line":26,"column":39},"end":{"line":26,"column":74}}]}},"b":{"0":[156],"1":[96],"2":[162],"3":[120],"4":[42],"5":[54],"6":[114],"7":[6],"8":[24],"9":[30],"10":[12],"11":[24],"12":[18],"13":[0],"14":[24],"15":[84]},"fnMap":{"0":{"name":"indent","decl":{"start":{"line":3,"column":15},"end":{"line":3,"column":78}},"loc":{"start":{"line":3,"column":15},"end":{"line":3,"column":78}},"line":3},"1":{"name":"currentIndent","decl":{"start":{"line":4,"column":22},"end":{"line":4,"column":81}},"loc":{"start":{"line":4,"column":22},"end":{"line":4,"column":81}},"line":4},"2":{"name":"stringify","decl":{"start":{"line":6,"column":18},"end":{"line":15,"column":2}},"loc":{"start":{"line":6,"column":18},"end":{"line":15,"column":2}},"line":6},"3":{"name":"stylish","decl":{"start":{"line":17,"column":16},"end":{"line":44,"column":2}},"loc":{"start":{"line":17,"column":16},"end":{"line":44,"column":2}},"line":17}},"f":{"0":156,"1":96,"2":162,"3":114}}
}
