TN:
SF:src/compareData.js
FN:3,compareData
FN:22,stringifyComparedData
FNF:2
FNH:2
FNDA:1,compareData
FNDA:1,stringifyComparedData
DA:1,1
DA:2,1
DA:3,1
DA:4,1
DA:5,1
DA:6,1
DA:7,1
DA:8,1
DA:9,5
DA:10,2
DA:11,5
DA:12,1
DA:13,3
DA:14,1
DA:15,1
DA:16,1
DA:17,1
DA:18,1
DA:19,1
DA:20,1
DA:21,1
DA:22,1
DA:23,1
DA:24,1
DA:25,1
DA:26,1
DA:27,1
DA:28,1
DA:29,1
DA:30,5
DA:31,1
DA:32,5
DA:33,2
DA:34,2
DA:35,1
DA:36,1
DA:37,1
DA:38,1
DA:39,1
DA:40,1
DA:41,1
DA:42,1
DA:43,1
DA:44,1
DA:45,1
DA:46,1
DA:47,1
DA:48,1
DA:49,1
DA:50,1
DA:51,1
DA:52,1
DA:53,1
DA:54,1
DA:55,1
DA:56,1
DA:57,1
DA:58,1
DA:59,1
DA:60,1
DA:61,1
DA:62,1
DA:63,1
DA:64,1
DA:65,1
DA:66,1
DA:67,1
DA:68,1
LF:68
LH:68
BRDA:3,0,0,1
BRDA:8,1,0,5
BRDA:9,2,0,2
BRDA:11,3,0,3
BRDA:11,4,0,1
BRDA:13,5,0,2
BRDA:13,6,0,1
BRDA:22,7,0,1
BRDA:29,8,0,5
BRDA:30,9,0,1
BRDA:32,10,0,4
BRDA:32,11,0,2
BRDA:34,12,0,1
BRF:13
BRH:13
end_of_record
TN:
SF:src/index.js
FN:11,getFilePath
FN:16,readFile
FN:25,getFormat
FN:30,genDiff
FNF:4
FNH:4
FNDA:4,getFilePath
FNDA:3,readFile
FNDA:3,getFormat
FNDA:1,genDiff
DA:1,1
DA:2,1
DA:3,1
DA:4,1
DA:5,1
DA:6,1
DA:7,1
DA:8,1
DA:9,1
DA:10,1
DA:11,1
DA:12,1
DA:13,1
DA:14,1
DA:15,1
DA:16,1
DA:17,1
DA:18,1
DA:19,1
DA:20,1
DA:21,1
DA:22,1
DA:23,1
DA:24,1
DA:25,1
DA:26,1
DA:27,1
DA:28,1
DA:29,1
DA:30,1
DA:31,1
DA:32,1
DA:33,1
DA:34,1
DA:35,1
DA:36,1
DA:37,1
DA:38,1
DA:39,1
LF:39
LH:39
BRDA:11,0,0,4
BRDA:16,1,0,3
BRDA:25,2,0,3
BRDA:30,3,0,1
BRF:4
BRH:4
end_of_record
TN:
SF:src/parsing.js
FN:8,getFileInfo
FNF:1
FNH:1
FNDA:2,getFileInfo
DA:1,1
DA:2,1
DA:3,1
DA:4,1
DA:5,1
DA:6,1
DA:7,1
DA:8,1
DA:9,2
DA:10,2
DA:11,2
DA:12,2
DA:13,0
DA:14,2
DA:15,0
DA:16,2
DA:17,0
DA:18,2
DA:19,2
DA:20,1
DA:21,1
LF:21
LH:18
BRDA:8,0,0,2
BRDA:12,1,0,0
BRDA:14,2,0,0
BRDA:16,3,0,0
BRF:4
BRH:1
end_of_record
