TN:
SF:src/compareData.js
FN:3,compareData
FN:22,stringifyComparedData
FNF:2
FNH:2
FNDA:2,compareData
FNDA:2,stringifyComparedData
DA:1,1
DA:2,1
DA:3,1
DA:4,2
DA:5,2
DA:6,2
DA:7,2
DA:8,2
DA:9,10
DA:10,4
DA:11,10
DA:12,2
DA:13,6
DA:14,2
DA:15,2
DA:16,2
DA:17,2
DA:18,2
DA:19,2
DA:20,2
DA:21,1
DA:22,1
DA:23,2
DA:24,2
DA:25,2
DA:26,2
DA:27,2
DA:28,2
DA:29,2
DA:30,10
DA:31,2
DA:32,10
DA:33,4
DA:34,4
DA:35,2
DA:36,2
DA:37,2
DA:38,2
DA:39,2
DA:40,2
DA:41,2
DA:42,1
DA:43,1
DA:44,1
DA:45,1
DA:46,1
DA:47,1
DA:48,1
DA:49,1
DA:50,1
DA:51,1
DA:52,1
DA:53,1
DA:54,1
DA:55,1
DA:56,1
DA:57,1
DA:58,1
DA:59,1
DA:60,1
DA:61,1
DA:62,1
DA:63,1
DA:64,1
DA:65,1
DA:66,1
DA:67,1
DA:68,1
LF:68
LH:68
BRDA:3,0,0,2
BRDA:8,1,0,10
BRDA:9,2,0,4
BRDA:11,3,0,6
BRDA:11,4,0,2
BRDA:13,5,0,4
BRDA:13,6,0,2
BRDA:22,7,0,2
BRDA:29,8,0,10
BRDA:30,9,0,2
BRDA:32,10,0,8
BRDA:32,11,0,4
BRDA:34,12,0,2
BRF:13
BRH:13
end_of_record
TN:
SF:src/index.js
FN:11,getFilePath
FN:16,readFile
FN:25,getFormat
FN:30,genDiff
FNF:4
FNH:4
FNDA:4,getFilePath
FNDA:4,readFile
FNDA:4,getFormat
FNDA:2,genDiff
DA:1,1
DA:2,1
DA:3,1
DA:4,1
DA:5,1
DA:6,1
DA:7,1
DA:8,1
DA:9,1
DA:10,1
DA:11,1
DA:12,1
DA:13,1
DA:14,1
DA:15,1
DA:16,1
DA:17,1
DA:18,1
DA:19,1
DA:20,1
DA:21,1
DA:22,1
DA:23,1
DA:24,1
DA:25,1
DA:26,1
DA:27,1
DA:28,1
DA:29,1
DA:30,1
DA:31,2
DA:32,2
DA:33,2
DA:34,2
DA:35,2
DA:36,2
DA:37,2
DA:38,1
DA:39,1
LF:39
LH:39
BRDA:11,0,0,4
BRDA:16,1,0,4
BRDA:25,2,0,4
BRDA:30,3,0,2
BRF:4
BRH:4
end_of_record
TN:
SF:src/parsing.js
FN:8,getFileInfo
FNF:1
FNH:1
FNDA:4,getFileInfo
DA:1,1
DA:2,1
DA:3,1
DA:4,1
DA:5,1
DA:6,1
DA:7,1
DA:8,1
DA:9,4
DA:10,4
DA:11,2
DA:12,4
DA:13,2
DA:14,4
DA:15,0
DA:16,4
DA:17,0
DA:18,4
DA:19,4
DA:20,1
DA:21,1
LF:21
LH:19
BRDA:8,0,0,4
BRDA:10,1,0,2
BRDA:12,2,0,2
BRDA:14,3,0,0
BRDA:16,4,0,0
BRF:5
BRH:3
end_of_record
